<?xml version="1.0" encoding="UTF-8"?>
<testng-results skipped="0" failed="0" ignored="0" total="3" passed="3">
  <reporter-output>
  </reporter-output>
  <suite name="Suite" duration-ms="94934" started-at="2020-09-16T08:43:41Z" finished-at="2020-09-16T08:45:16Z">
    <groups>
    </groups>
    <test name="Test" duration-ms="94934" started-at="2020-09-16T08:43:41Z" finished-at="2020-09-16T08:45:16Z">
      <class name="com.tests.SampleTest">
        <test-method status="PASS" signature="test01()[pri:0, instance:com.tests.SampleTest@157f54e]" name="test01" duration-ms="20" started-at="2020-09-16T08:43:41Z" finished-at="2020-09-16T08:43:41Z">
          <reporter-output>
          </reporter-output>
        </test-method> <!-- test01 -->
        <test-method status="PASS" signature="test02()[pri:0, instance:com.tests.SampleTest@157f54e]" name="test02" duration-ms="0" started-at="2020-09-16T08:43:41Z" finished-at="2020-09-16T08:43:41Z">
          <reporter-output>
          </reporter-output>
        </test-method> <!-- test02 -->
      </class> <!-- com.tests.SampleTest -->
      <class name="com.tests.LoginTest">
        <test-method status="PASS" signature="test01()[pri:0, instance:com.tests.LoginTest@10f6bfd]" name="test01" duration-ms="94865" started-at="2020-09-16T08:43:41Z" finished-at="2020-09-16T08:45:16Z">
          <reporter-output>
          </reporter-output>
        </test-method> <!-- test01 -->
      </class> <!-- com.tests.LoginTest -->
    </test> <!-- Test -->
  </suite> <!-- Suite -->
</testng-results>
